[2024-02-22T00:10:48.835+0000] {manager.py:469} INFO - Processing files using up to 1 processes at a time 
[2024-02-22T00:10:48.848+0000] {manager.py:470} INFO - Process each file at most once every 30 seconds
[2024-02-22T00:10:48.853+0000] {manager.py:471} INFO - Checking for new files in /opt/airflow/dags every 300 seconds
[2024-02-22T00:10:48.872+0000] {manager.py:738} INFO - Searching for files in /opt/airflow/dags
[2024-02-22T00:10:49.195+0000] {manager.py:741} INFO - There are 1 files in /opt/airflow/dags
[2024-02-22T00:11:29.362+0000] {manager.py:879} INFO - 
================================================================================
DAG File Processing Stats

File Path                         PID    Runtime      # DAGs    # Errors  Last Runtime    Last Run
--------------------------------  -----  ---------  --------  ----------  --------------  -------------------
/opt/airflow/dags/upload_docs.py                           0           1  33.57s          2024-02-22T00:11:29
================================================================================
[2024-02-22T00:12:41.561+0000] {manager.py:879} INFO - 
================================================================================
DAG File Processing Stats

File Path                         PID    Runtime      # DAGs    # Errors  Last Runtime    Last Run
--------------------------------  -----  ---------  --------  ----------  --------------  -------------------
/opt/airflow/dags/upload_docs.py                           0           1  29.50s          2024-02-22T00:12:41
================================================================================
[2024-02-22T00:13:28.743+0000] {manager.py:879} INFO - 
================================================================================
DAG File Processing Stats

File Path                         PID    Runtime      # DAGs    # Errors  Last Runtime    Last Run
--------------------------------  -----  ---------  --------  ----------  --------------  -------------------
/opt/airflow/dags/upload_docs.py                           0           1  12.68s          2024-02-22T00:13:28
================================================================================
[2024-02-22T00:14:16.464+0000] {manager.py:879} INFO - 
================================================================================
DAG File Processing Stats

File Path                         PID    Runtime      # DAGs    # Errors  Last Runtime    Last Run
--------------------------------  -----  ---------  --------  ----------  --------------  -------------------
/opt/airflow/dags/upload_docs.py                           0           1  17.49s          2024-02-22T00:14:16
================================================================================
[2024-02-22T00:15:38.477+0000] {manager.py:879} INFO - 
================================================================================
DAG File Processing Stats

File Path                         PID    Runtime      # DAGs    # Errors  Last Runtime    Last Run
--------------------------------  -----  ---------  --------  ----------  --------------  -------------------
/opt/airflow/dags/upload_docs.py                           0           1  47.76s          2024-02-22T00:15:38
================================================================================
[2024-02-22T00:15:58.998+0000] {manager.py:738} INFO - Searching for files in /opt/airflow/dags
[2024-02-22T00:16:00.155+0000] {manager.py:741} INFO - There are 1 files in /opt/airflow/dags
[2024-02-22T00:16:56.843+0000] {manager.py:879} INFO - 
================================================================================
DAG File Processing Stats

File Path                         PID    Runtime      # DAGs    # Errors  Last Runtime    Last Run
--------------------------------  -----  ---------  --------  ----------  --------------  -------------------
/opt/airflow/dags/upload_docs.py                           0           1  41.90s          2024-02-22T00:16:56
================================================================================
[2024-02-22T00:17:56.142+0000] {manager.py:879} INFO - 
================================================================================
DAG File Processing Stats

File Path                         PID    Runtime      # DAGs    # Errors  Last Runtime    Last Run
--------------------------------  -----  ---------  --------  ----------  --------------  -------------------
/opt/airflow/dags/upload_docs.py                           0           1  23.94s          2024-02-22T00:17:56
================================================================================
[2024-02-22T00:18:58.035+0000] {manager.py:879} INFO - 
================================================================================
DAG File Processing Stats

File Path                         PID    Runtime      # DAGs    # Errors  Last Runtime    Last Run
--------------------------------  -----  ---------  --------  ----------  --------------  -------------------
/opt/airflow/dags/upload_docs.py                           0           1  27.31s          2024-02-22T00:18:57
================================================================================
[2024-02-22T00:19:45.199+0000] {manager.py:879} INFO - 
================================================================================
DAG File Processing Stats

File Path                         PID    Runtime      # DAGs    # Errors  Last Runtime    Last Run
--------------------------------  -----  ---------  --------  ----------  --------------  -------------------
/opt/airflow/dags/upload_docs.py                           0           1  14.15s          2024-02-22T00:19:45
================================================================================
[2024-02-22T00:20:36.131+0000] {manager.py:879} INFO - 
================================================================================
DAG File Processing Stats

File Path                         PID    Runtime      # DAGs    # Errors  Last Runtime    Last Run
--------------------------------  -----  ---------  --------  ----------  --------------  -------------------
/opt/airflow/dags/upload_docs.py                           0           1  17.12s          2024-02-22T00:20:36
================================================================================
[2024-02-22T00:21:04.629+0000] {manager.py:738} INFO - Searching for files in /opt/airflow/dags
[2024-02-22T00:21:06.148+0000] {manager.py:741} INFO - There are 1 files in /opt/airflow/dags
[2024-02-22T00:21:40.031+0000] {manager.py:879} INFO - 
================================================================================
DAG File Processing Stats

File Path                         PID    Runtime      # DAGs    # Errors  Last Runtime    Last Run
--------------------------------  -----  ---------  --------  ----------  --------------  -------------------
/opt/airflow/dags/upload_docs.py                           0           1  32.24s          2024-02-22T00:21:39
================================================================================
[2024-02-22T00:22:20.078+0000] {manager.py:879} INFO - 
================================================================================
DAG File Processing Stats

File Path                         PID    Runtime      # DAGs    # Errors  Last Runtime    Last Run
--------------------------------  -----  ---------  --------  ----------  --------------  -------------------
/opt/airflow/dags/upload_docs.py                           0           1  7.37s           2024-02-22T00:22:20
================================================================================
[2024-02-22T00:22:52.917+0000] {manager.py:879} INFO - 
================================================================================
DAG File Processing Stats

File Path                         PID    Runtime      # DAGs    # Errors  Last Runtime    Last Run
--------------------------------  -----  ---------  --------  ----------  --------------  -------------------
/opt/airflow/dags/upload_docs.py                           0           1  2.65s           2024-02-22T00:22:52
================================================================================
[2024-02-22T00:23:28.121+0000] {manager.py:879} INFO - 
================================================================================
DAG File Processing Stats

File Path                         PID    Runtime      # DAGs    # Errors  Last Runtime    Last Run
--------------------------------  -----  ---------  --------  ----------  --------------  -------------------
/opt/airflow/dags/upload_docs.py                           0           1  4.71s           2024-02-22T00:23:28
================================================================================
[2024-02-22T00:24:02.608+0000] {manager.py:879} INFO - 
================================================================================
DAG File Processing Stats

File Path                         PID    Runtime      # DAGs    # Errors  Last Runtime    Last Run
--------------------------------  -----  ---------  --------  ----------  --------------  -------------------
/opt/airflow/dags/upload_docs.py                           0           1  3.73s           2024-02-22T00:24:02
================================================================================
[2024-02-22T00:24:47.357+0000] {manager.py:879} INFO - 
================================================================================
DAG File Processing Stats

File Path                         PID    Runtime      # DAGs    # Errors  Last Runtime    Last Run
--------------------------------  -----  ---------  --------  ----------  --------------  -------------------
/opt/airflow/dags/upload_docs.py                           0           1  2.79s           2024-02-22T00:24:47
================================================================================
[2024-02-22T00:25:23.277+0000] {manager.py:879} INFO - 
================================================================================
DAG File Processing Stats

File Path                         PID    Runtime      # DAGs    # Errors  Last Runtime    Last Run
--------------------------------  -----  ---------  --------  ----------  --------------  -------------------
/opt/airflow/dags/upload_docs.py                           0           1  5.37s           2024-02-22T00:25:23
================================================================================
[2024-02-22T00:26:16.294+0000] {manager.py:879} INFO - 
================================================================================
DAG File Processing Stats

File Path                         PID    Runtime      # DAGs    # Errors  Last Runtime    Last Run
--------------------------------  -----  ---------  --------  ----------  --------------  -------------------
/opt/airflow/dags/upload_docs.py                           0           1  20.58s          2024-02-22T00:26:16
================================================================================
[2024-02-22T00:26:18.156+0000] {manager.py:738} INFO - Searching for files in /opt/airflow/dags
[2024-02-22T00:26:18.235+0000] {manager.py:741} INFO - There are 1 files in /opt/airflow/dags
[2024-02-22T00:26:49.463+0000] {manager.py:879} INFO - 
================================================================================
DAG File Processing Stats

File Path                         PID    Runtime      # DAGs    # Errors  Last Runtime    Last Run
--------------------------------  -----  ---------  --------  ----------  --------------  -------------------
/opt/airflow/dags/upload_docs.py                           0           1  2.13s           2024-02-22T00:26:49
================================================================================
[2024-02-22T00:27:23.342+0000] {manager.py:879} INFO - 
================================================================================
DAG File Processing Stats

File Path                         PID    Runtime      # DAGs    # Errors  Last Runtime    Last Run
--------------------------------  -----  ---------  --------  ----------  --------------  -------------------
/opt/airflow/dags/upload_docs.py                           0           1  3.71s           2024-02-22T00:27:23
================================================================================
[2024-02-22T00:27:56.050+0000] {manager.py:879} INFO - 
================================================================================
DAG File Processing Stats

File Path                         PID    Runtime      # DAGs    # Errors  Last Runtime    Last Run
--------------------------------  -----  ---------  --------  ----------  --------------  -------------------
/opt/airflow/dags/upload_docs.py                           0           1  1.73s           2024-02-22T00:27:56
================================================================================
[2024-02-22T00:28:57.059+0000] {manager.py:879} INFO - 
================================================================================
DAG File Processing Stats

File Path                         PID    Runtime      # DAGs    # Errors  Last Runtime    Last Run
--------------------------------  -----  ---------  --------  ----------  --------------  -------------------
/opt/airflow/dags/upload_docs.py                           0           1  18.01s          2024-02-22T00:28:57
================================================================================
[2024-02-22T00:29:31.266+0000] {manager.py:879} INFO - 
================================================================================
DAG File Processing Stats

File Path                         PID    Runtime      # DAGs    # Errors  Last Runtime    Last Run
--------------------------------  -----  ---------  --------  ----------  --------------  -------------------
/opt/airflow/dags/upload_docs.py                           0           1  3.76s           2024-02-22T00:29:31
================================================================================
[2024-02-22T00:29:59.843+0000] {manager.py:879} INFO - 
================================================================================
DAG File Processing Stats

File Path                         PID    Runtime      # DAGs    # Errors  Last Runtime    Last Run
--------------------------------  -----  ---------  --------  ----------  --------------  -------------------
/opt/airflow/dags/upload_docs.py                           0           1  3.76s           2024-02-22T00:29:31
================================================================================
[2024-02-22T00:30:33.131+0000] {manager.py:879} INFO - 
================================================================================
DAG File Processing Stats

File Path                         PID    Runtime      # DAGs    # Errors  Last Runtime    Last Run
--------------------------------  -----  ---------  --------  ----------  --------------  -------------------
/opt/airflow/dags/upload_docs.py                           0           1  4.17s           2024-02-22T00:30:10
================================================================================
[2024-02-22T00:31:03.614+0000] {manager.py:879} INFO - 
================================================================================
DAG File Processing Stats

File Path                         PID    Runtime      # DAGs    # Errors  Last Runtime    Last Run
--------------------------------  -----  ---------  --------  ----------  --------------  -------------------
/opt/airflow/dags/upload_docs.py                           0           1  1.22s           2024-02-22T00:30:41
================================================================================
[2024-02-22T00:31:18.170+0000] {manager.py:738} INFO - Searching for files in /opt/airflow/dags
[2024-02-22T00:31:18.229+0000] {manager.py:741} INFO - There are 1 files in /opt/airflow/dags
[2024-02-22T00:31:34.471+0000] {manager.py:879} INFO - 
================================================================================
DAG File Processing Stats

File Path                         PID    Runtime      # DAGs    # Errors  Last Runtime    Last Run
--------------------------------  -----  ---------  --------  ----------  --------------  -------------------
/opt/airflow/dags/upload_docs.py                           0           1  2.44s           2024-02-22T00:31:07
================================================================================
[2024-02-22T00:32:04.931+0000] {manager.py:879} INFO - 
================================================================================
DAG File Processing Stats

File Path                         PID    Runtime      # DAGs    # Errors  Last Runtime    Last Run
--------------------------------  -----  ---------  --------  ----------  --------------  -------------------
/opt/airflow/dags/upload_docs.py                           0           1  2.12s           2024-02-22T00:31:46
================================================================================
[2024-02-22T00:32:35.275+0000] {manager.py:879} INFO - 
================================================================================
DAG File Processing Stats

File Path                         PID    Runtime      # DAGs    # Errors  Last Runtime    Last Run
--------------------------------  -----  ---------  --------  ----------  --------------  -------------------
/opt/airflow/dags/upload_docs.py                           0           1  4.14s           2024-02-22T00:32:22
================================================================================
[2024-02-22T00:33:05.623+0000] {manager.py:879} INFO - 
================================================================================
DAG File Processing Stats

File Path                         PID    Runtime      # DAGs    # Errors  Last Runtime    Last Run
--------------------------------  -----  ---------  --------  ----------  --------------  -------------------
/opt/airflow/dags/upload_docs.py                           0           1  10.27s          2024-02-22T00:33:00
================================================================================
[2024-02-22T00:33:36.514+0000] {manager.py:879} INFO - 
================================================================================
DAG File Processing Stats

File Path                         PID    Runtime      # DAGs    # Errors  Last Runtime    Last Run
--------------------------------  -----  ---------  --------  ----------  --------------  -------------------
/opt/airflow/dags/upload_docs.py                           0           1  1.72s           2024-02-22T00:33:20
================================================================================
[2024-02-22T00:34:08.249+0000] {manager.py:879} INFO - 
================================================================================
DAG File Processing Stats

File Path                         PID    Runtime      # DAGs    # Errors  Last Runtime    Last Run
--------------------------------  -----  ---------  --------  ----------  --------------  -------------------
/opt/airflow/dags/upload_docs.py                           0           1  0.92s           2024-02-22T00:33:51
================================================================================
[2024-02-22T00:34:39.120+0000] {manager.py:879} INFO - 
================================================================================
DAG File Processing Stats

File Path                         PID    Runtime      # DAGs    # Errors  Last Runtime    Last Run
--------------------------------  -----  ---------  --------  ----------  --------------  -------------------
/opt/airflow/dags/upload_docs.py                           0           1  0.71s           2024-02-22T00:34:16
================================================================================
[2024-02-22T00:35:09.336+0000] {manager.py:879} INFO - 
================================================================================
DAG File Processing Stats

File Path                         PID    Runtime      # DAGs    # Errors  Last Runtime    Last Run
--------------------------------  -----  ---------  --------  ----------  --------------  -------------------
/opt/airflow/dags/upload_docs.py                           0           1  1.76s           2024-02-22T00:34:47
================================================================================
[2024-02-22T00:35:39.638+0000] {manager.py:879} INFO - 
================================================================================
DAG File Processing Stats

File Path                         PID    Runtime      # DAGs    # Errors  Last Runtime    Last Run
--------------------------------  -----  ---------  --------  ----------  --------------  -------------------
/opt/airflow/dags/upload_docs.py                           0           1  4.49s           2024-02-22T00:35:22
================================================================================
[2024-02-22T00:36:10.066+0000] {manager.py:879} INFO - 
================================================================================
DAG File Processing Stats

File Path                         PID    Runtime      # DAGs    # Errors  Last Runtime    Last Run
--------------------------------  -----  ---------  --------  ----------  --------------  -------------------
/opt/airflow/dags/upload_docs.py                           0           1  2.14s           2024-02-22T00:35:56
================================================================================
[2024-02-22T00:36:18.901+0000] {manager.py:738} INFO - Searching for files in /opt/airflow/dags
[2024-02-22T00:36:18.961+0000] {manager.py:741} INFO - There are 1 files in /opt/airflow/dags
[2024-02-22T00:36:40.917+0000] {manager.py:879} INFO - 
================================================================================
DAG File Processing Stats

File Path                         PID    Runtime      # DAGs    # Errors  Last Runtime    Last Run
--------------------------------  -----  ---------  --------  ----------  --------------  -------------------
/opt/airflow/dags/upload_docs.py                           0           1  4.53s           2024-02-22T00:36:31
================================================================================
[2024-02-22T00:37:11.896+0000] {manager.py:879} INFO - 
================================================================================
DAG File Processing Stats

File Path                         PID    Runtime      # DAGs    # Errors  Last Runtime    Last Run
--------------------------------  -----  ---------  --------  ----------  --------------  -------------------
/opt/airflow/dags/upload_docs.py                           0           1  2.35s           2024-02-22T00:37:04
================================================================================
[2024-02-22T00:37:42.312+0000] {manager.py:879} INFO - 
================================================================================
DAG File Processing Stats

File Path                         PID    Runtime      # DAGs    # Errors  Last Runtime    Last Run
--------------------------------  -----  ---------  --------  ----------  --------------  -------------------
/opt/airflow/dags/upload_docs.py                           0           1  1.73s           2024-02-22T00:37:36
================================================================================
[2024-02-22T00:38:13.269+0000] {manager.py:879} INFO - 
================================================================================
DAG File Processing Stats

File Path                         PID    Runtime      # DAGs    # Errors  Last Runtime    Last Run
--------------------------------  -----  ---------  --------  ----------  --------------  -------------------
/opt/airflow/dags/upload_docs.py                           0           1  1.12s           2024-02-22T00:38:07
================================================================================
[2024-02-22T00:38:43.968+0000] {manager.py:879} INFO - 
================================================================================
DAG File Processing Stats

File Path                         PID    Runtime      # DAGs    # Errors  Last Runtime    Last Run
--------------------------------  -----  ---------  --------  ----------  --------------  -------------------
/opt/airflow/dags/upload_docs.py                           0           1  1.02s           2024-02-22T00:38:39
================================================================================
[2024-02-22T00:39:18.862+0000] {manager.py:879} INFO - 
================================================================================
DAG File Processing Stats

File Path                         PID    Runtime      # DAGs    # Errors  Last Runtime    Last Run
--------------------------------  -----  ---------  --------  ----------  --------------  -------------------
/opt/airflow/dags/upload_docs.py                           0           1  9.25s           2024-02-22T00:39:18
================================================================================
[2024-02-22T00:39:53.261+0000] {manager.py:879} INFO - 
================================================================================
DAG File Processing Stats

File Path                         PID    Runtime      # DAGs    # Errors  Last Runtime    Last Run
--------------------------------  -----  ---------  --------  ----------  --------------  -------------------
/opt/airflow/dags/upload_docs.py                           0           1  2.33s           2024-02-22T00:39:53
================================================================================
[2024-02-22T00:40:25.108+0000] {manager.py:879} INFO - 
================================================================================
DAG File Processing Stats

File Path                         PID    Runtime      # DAGs    # Errors  Last Runtime    Last Run
--------------------------------  -----  ---------  --------  ----------  --------------  -------------------
/opt/airflow/dags/upload_docs.py                           0           1  1.62s           2024-02-22T00:40:25
================================================================================
[2024-02-22T00:40:54.817+0000] {manager.py:879} INFO - 
================================================================================
DAG File Processing Stats

File Path                         PID    Runtime      # DAGs    # Errors  Last Runtime    Last Run
--------------------------------  -----  ---------  --------  ----------  --------------  -------------------
/opt/airflow/dags/upload_docs.py                           0           1  1.62s           2024-02-22T00:40:25
================================================================================
[2024-02-22T00:41:19.131+0000] {manager.py:738} INFO - Searching for files in /opt/airflow/dags
[2024-02-22T00:41:19.194+0000] {manager.py:741} INFO - There are 1 files in /opt/airflow/dags
[2024-02-22T00:41:25.936+0000] {manager.py:879} INFO - 
================================================================================
DAG File Processing Stats

File Path                         PID    Runtime      # DAGs    # Errors  Last Runtime    Last Run
--------------------------------  -----  ---------  --------  ----------  --------------  -------------------
/opt/airflow/dags/upload_docs.py                           0           1  1.24s           2024-02-22T00:40:59
================================================================================
[2024-02-22T00:42:03.807+0000] {manager.py:879} INFO - 
================================================================================
DAG File Processing Stats

File Path                         PID    Runtime      # DAGs    # Errors  Last Runtime    Last Run
--------------------------------  -----  ---------  --------  ----------  --------------  -------------------
/opt/airflow/dags/upload_docs.py                           0           1  2.42s           2024-02-22T00:41:34
================================================================================
[2024-02-22T00:42:34.461+0000] {manager.py:879} INFO - 
================================================================================
DAG File Processing Stats

File Path                         PID    Runtime      # DAGs    # Errors  Last Runtime    Last Run
--------------------------------  -----  ---------  --------  ----------  --------------  -------------------
/opt/airflow/dags/upload_docs.py                           0           1  5.37s           2024-02-22T00:42:15
================================================================================
[2024-02-22T00:43:04.553+0000] {manager.py:879} INFO - 
================================================================================
DAG File Processing Stats

File Path                         PID    Runtime      # DAGs    # Errors  Last Runtime    Last Run
--------------------------------  -----  ---------  --------  ----------  --------------  -------------------
/opt/airflow/dags/upload_docs.py                           0           1  1.21s           2024-02-22T00:42:47
================================================================================
[2024-02-22T00:43:34.876+0000] {manager.py:879} INFO - 
================================================================================
DAG File Processing Stats

File Path                         PID    Runtime      # DAGs    # Errors  Last Runtime    Last Run
--------------------------------  -----  ---------  --------  ----------  --------------  -------------------
/opt/airflow/dags/upload_docs.py                           0           1  1.18s           2024-02-22T00:43:19
================================================================================
[2024-02-22T00:44:05.461+0000] {manager.py:879} INFO - 
================================================================================
DAG File Processing Stats

File Path                         PID    Runtime      # DAGs    # Errors  Last Runtime    Last Run
--------------------------------  -----  ---------  --------  ----------  --------------  -------------------
/opt/airflow/dags/upload_docs.py                           0           1  1.47s           2024-02-22T00:43:50
================================================================================
[2024-02-22T00:44:38.715+0000] {manager.py:879} INFO - 
================================================================================
DAG File Processing Stats

File Path                         PID    Runtime      # DAGs    # Errors  Last Runtime    Last Run
--------------------------------  -----  ---------  --------  ----------  --------------  -------------------
/opt/airflow/dags/upload_docs.py                           0           1  1.05s           2024-02-22T00:44:22
================================================================================
[2024-02-22T00:45:09.699+0000] {manager.py:879} INFO - 
================================================================================
DAG File Processing Stats

File Path                         PID    Runtime      # DAGs    # Errors  Last Runtime    Last Run
--------------------------------  -----  ---------  --------  ----------  --------------  -------------------
/opt/airflow/dags/upload_docs.py                           0           1  1.12s           2024-02-22T00:44:54
================================================================================
[2024-02-22T00:45:40.320+0000] {manager.py:879} INFO - 
================================================================================
DAG File Processing Stats

File Path                         PID    Runtime      # DAGs    # Errors  Last Runtime    Last Run
--------------------------------  -----  ---------  --------  ----------  --------------  -------------------
/opt/airflow/dags/upload_docs.py                           0           1  0.72s           2024-02-22T00:45:25
================================================================================
[2024-02-22T00:46:11.447+0000] {manager.py:879} INFO - 
================================================================================
DAG File Processing Stats

File Path                         PID    Runtime      # DAGs    # Errors  Last Runtime    Last Run
--------------------------------  -----  ---------  --------  ----------  --------------  -------------------
/opt/airflow/dags/upload_docs.py                           0           1  1.15s           2024-02-22T00:45:56
================================================================================
[2024-02-22T00:46:19.447+0000] {manager.py:738} INFO - Searching for files in /opt/airflow/dags
[2024-02-22T00:46:19.513+0000] {manager.py:741} INFO - There are 1 files in /opt/airflow/dags
[2024-02-22T00:46:41.666+0000] {manager.py:879} INFO - 
================================================================================
DAG File Processing Stats

File Path                         PID    Runtime      # DAGs    # Errors  Last Runtime    Last Run
--------------------------------  -----  ---------  --------  ----------  --------------  -------------------
/opt/airflow/dags/upload_docs.py                           0           1  5.44s           2024-02-22T00:46:32
================================================================================
[2024-02-22T00:47:12.800+0000] {manager.py:879} INFO - 
================================================================================
DAG File Processing Stats

File Path                         PID    Runtime      # DAGs    # Errors  Last Runtime    Last Run
--------------------------------  -----  ---------  --------  ----------  --------------  -------------------
/opt/airflow/dags/upload_docs.py                           0           1  1.02s           2024-02-22T00:47:04
================================================================================
[2024-02-22T00:47:42.897+0000] {manager.py:879} INFO - 
================================================================================
DAG File Processing Stats

File Path                         PID    Runtime      # DAGs    # Errors  Last Runtime    Last Run
--------------------------------  -----  ---------  --------  ----------  --------------  -------------------
/opt/airflow/dags/upload_docs.py                           0           1  1.11s           2024-02-22T00:47:35
================================================================================
[2024-02-22T00:48:13.683+0000] {manager.py:879} INFO - 
================================================================================
DAG File Processing Stats

File Path                         PID    Runtime      # DAGs    # Errors  Last Runtime    Last Run
--------------------------------  -----  ---------  --------  ----------  --------------  -------------------
/opt/airflow/dags/upload_docs.py                           0           1  1.32s           2024-02-22T00:48:08
================================================================================
[2024-02-22T00:48:45.129+0000] {manager.py:879} INFO - 
================================================================================
DAG File Processing Stats

File Path                         PID    Runtime      # DAGs    # Errors  Last Runtime    Last Run
--------------------------------  -----  ---------  --------  ----------  --------------  -------------------
/opt/airflow/dags/upload_docs.py                           0           1  1.22s           2024-02-22T00:48:40
================================================================================
[2024-02-22T00:49:15.483+0000] {manager.py:879} INFO - 
================================================================================
DAG File Processing Stats

File Path                         PID    Runtime      # DAGs    # Errors  Last Runtime    Last Run
--------------------------------  -----  ---------  --------  ----------  --------------  -------------------
/opt/airflow/dags/upload_docs.py                           0           1  1.12s           2024-02-22T00:49:11
================================================================================
[2024-02-22T00:49:46.113+0000] {manager.py:879} INFO - 
================================================================================
DAG File Processing Stats

File Path                         PID    Runtime      # DAGs    # Errors  Last Runtime    Last Run
--------------------------------  -----  ---------  --------  ----------  --------------  -------------------
/opt/airflow/dags/upload_docs.py                           0           1  0.82s           2024-02-22T00:49:43
================================================================================
[2024-02-22T00:50:16.729+0000] {manager.py:879} INFO - 
================================================================================
DAG File Processing Stats

File Path                         PID    Runtime      # DAGs    # Errors  Last Runtime    Last Run
--------------------------------  -----  ---------  --------  ----------  --------------  -------------------
/opt/airflow/dags/upload_docs.py                           0           1  0.71s           2024-02-22T00:50:14
================================================================================
[2024-02-22T00:50:47.460+0000] {manager.py:879} INFO - 
================================================================================
DAG File Processing Stats

File Path                         PID    Runtime      # DAGs    # Errors  Last Runtime    Last Run
--------------------------------  -----  ---------  --------  ----------  --------------  -------------------
/opt/airflow/dags/upload_docs.py                           0           1  0.92s           2024-02-22T00:50:33
================================================================================
[2024-02-22T00:51:18.569+0000] {manager.py:879} INFO - 
================================================================================
DAG File Processing Stats

File Path                         PID    Runtime      # DAGs    # Errors  Last Runtime    Last Run
--------------------------------  -----  ---------  --------  ----------  --------------  -------------------
/opt/airflow/dags/upload_docs.py                           0           1  0.42s           2024-02-22T00:51:17
================================================================================
[2024-02-22T00:51:20.269+0000] {manager.py:738} INFO - Searching for files in /opt/airflow/dags
[2024-02-22T00:51:20.336+0000] {manager.py:741} INFO - There are 1 files in /opt/airflow/dags
[2024-02-22T00:51:49.367+0000] {manager.py:879} INFO - 
================================================================================
DAG File Processing Stats

File Path                         PID    Runtime      # DAGs    # Errors  Last Runtime    Last Run
--------------------------------  -----  ---------  --------  ----------  --------------  -------------------
/opt/airflow/dags/upload_docs.py                           0           1  3.42s           2024-02-22T00:51:40
================================================================================
[2024-02-22T00:52:20.331+0000] {manager.py:879} INFO - 
================================================================================
DAG File Processing Stats

File Path                         PID    Runtime      # DAGs    # Errors  Last Runtime    Last Run
--------------------------------  -----  ---------  --------  ----------  --------------  -------------------
/opt/airflow/dags/upload_docs.py                           0           1  0.31s           2024-02-22T00:52:11
================================================================================
[2024-02-22T00:52:51.162+0000] {manager.py:879} INFO - 
================================================================================
DAG File Processing Stats

File Path                         PID    Runtime      # DAGs    # Errors  Last Runtime    Last Run
--------------------------------  -----  ---------  --------  ----------  --------------  -------------------
/opt/airflow/dags/upload_docs.py                           0           1  0.41s           2024-02-22T00:52:43
================================================================================
[2024-02-22T00:53:22.218+0000] {manager.py:879} INFO - 
================================================================================
DAG File Processing Stats

File Path                         PID    Runtime      # DAGs    # Errors  Last Runtime    Last Run
--------------------------------  -----  ---------  --------  ----------  --------------  -------------------
/opt/airflow/dags/upload_docs.py                           0           1  0.41s           2024-02-22T00:53:13
================================================================================
[2024-02-22T00:53:52.426+0000] {manager.py:879} INFO - 
================================================================================
DAG File Processing Stats

File Path                         PID    Runtime      # DAGs    # Errors  Last Runtime    Last Run
--------------------------------  -----  ---------  --------  ----------  --------------  -------------------
/opt/airflow/dags/upload_docs.py                           0           1  0.41s           2024-02-22T00:53:50
================================================================================
[2024-02-22T00:54:22.499+0000] {manager.py:879} INFO - 
================================================================================
DAG File Processing Stats

File Path                         PID    Runtime      # DAGs    # Errors  Last Runtime    Last Run
--------------------------------  -----  ---------  --------  ----------  --------------  -------------------
/opt/airflow/dags/upload_docs.py                           0           1  0.31s           2024-02-22T00:53:59
================================================================================
[2024-02-22T00:54:53.760+0000] {manager.py:879} INFO - 
================================================================================
DAG File Processing Stats

File Path                         PID    Runtime      # DAGs    # Errors  Last Runtime    Last Run
--------------------------------  -----  ---------  --------  ----------  --------------  -------------------
/opt/airflow/dags/upload_docs.py                           0           1  0.51s           2024-02-22T00:54:36
================================================================================
[2024-02-22T00:55:24.797+0000] {manager.py:879} INFO - 
================================================================================
DAG File Processing Stats

File Path                         PID    Runtime      # DAGs    # Errors  Last Runtime    Last Run
--------------------------------  -----  ---------  --------  ----------  --------------  -------------------
/opt/airflow/dags/upload_docs.py                           0           1  0.81s           2024-02-22T00:55:07
================================================================================
[2024-02-22T00:55:55.375+0000] {manager.py:879} INFO - 
================================================================================
DAG File Processing Stats

File Path                         PID    Runtime      # DAGs    # Errors  Last Runtime    Last Run
--------------------------------  -----  ---------  --------  ----------  --------------  -------------------
/opt/airflow/dags/upload_docs.py                           0           1  1.13s           2024-02-22T00:55:39
================================================================================
[2024-02-22T00:56:20.573+0000] {manager.py:738} INFO - Searching for files in /opt/airflow/dags
[2024-02-22T00:56:28.262+0000] {manager.py:741} INFO - There are 1 files in /opt/airflow/dags
[2024-02-22T00:56:30.096+0000] {manager.py:879} INFO - 
================================================================================
DAG File Processing Stats

File Path                         PID    Runtime      # DAGs    # Errors  Last Runtime    Last Run
--------------------------------  -----  ---------  --------  ----------  --------------  -------------------
/opt/airflow/dags/upload_docs.py                           0           1  4.73s           2024-02-22T00:56:18
================================================================================
[2024-02-22T00:57:00.964+0000] {manager.py:879} INFO - 
================================================================================
DAG File Processing Stats

File Path                         PID    Runtime      # DAGs    # Errors  Last Runtime    Last Run
--------------------------------  -----  ---------  --------  ----------  --------------  -------------------
/opt/airflow/dags/upload_docs.py                           0           1  0.66s           2024-02-22T00:56:50
================================================================================
[2024-02-22T00:57:31.159+0000] {manager.py:879} INFO - 
================================================================================
DAG File Processing Stats

File Path                         PID    Runtime      # DAGs    # Errors  Last Runtime    Last Run
--------------------------------  -----  ---------  --------  ----------  --------------  -------------------
/opt/airflow/dags/upload_docs.py                           0           1  0.96s           2024-02-22T00:57:13
================================================================================
[2024-02-22T00:58:01.402+0000] {manager.py:879} INFO - 
================================================================================
DAG File Processing Stats

File Path                         PID    Runtime      # DAGs    # Errors  Last Runtime    Last Run
--------------------------------  -----  ---------  --------  ----------  --------------  -------------------
/opt/airflow/dags/upload_docs.py                           0           1  0.97s           2024-02-22T00:57:56
================================================================================
[2024-02-22T00:58:47.819+0000] {manager.py:879} INFO - 
================================================================================
DAG File Processing Stats

File Path                         PID    Runtime      # DAGs    # Errors  Last Runtime    Last Run
--------------------------------  -----  ---------  --------  ----------  --------------  -------------------
/opt/airflow/dags/upload_docs.py                           0           1  17.20s          2024-02-22T00:58:47
================================================================================
[2024-02-22T00:59:14.904+0000] {manager.py:879} INFO - 
================================================================================
DAG File Processing Stats

File Path                         PID    Runtime      # DAGs    # Errors  Last Runtime    Last Run
--------------------------------  -----  ---------  --------  ----------  --------------  -------------------
/opt/airflow/dags/upload_docs.py                           0           1  2.21s           2024-02-22T00:59:14
================================================================================
[2024-02-22T00:59:51.119+0000] {manager.py:879} INFO - 
================================================================================
DAG File Processing Stats

File Path                         PID    Runtime      # DAGs    # Errors  Last Runtime    Last Run
--------------------------------  -----  ---------  --------  ----------  --------------  -------------------
/opt/airflow/dags/upload_docs.py                           0           1  5.08s           2024-02-22T00:59:51
================================================================================
[2024-02-22T01:00:40.564+0000] {manager.py:879} INFO - 
================================================================================
DAG File Processing Stats

File Path                         PID    Runtime      # DAGs    # Errors  Last Runtime    Last Run
--------------------------------  -----  ---------  --------  ----------  --------------  -------------------
/opt/airflow/dags/upload_docs.py                           0           1  19.17s          2024-02-22T01:00:40
================================================================================
[2024-02-22T01:01:12.651+0000] {manager.py:879} INFO - 
================================================================================
DAG File Processing Stats

File Path                         PID    Runtime      # DAGs    # Errors  Last Runtime    Last Run
--------------------------------  -----  ---------  --------  ----------  --------------  -------------------
/opt/airflow/dags/upload_docs.py                           0           1  1.12s           2024-02-22T01:01:12
================================================================================
[2024-02-22T01:01:21.421+0000] {manager.py:738} INFO - Searching for files in /opt/airflow/dags
[2024-02-22T01:01:21.481+0000] {manager.py:741} INFO - There are 1 files in /opt/airflow/dags
